21:35:19 **** Incremental Build of configuration Debug for project 02-keypad ****
make all 
Building file: ../main.c
Invoking: AVR Compiler
avr-gcc -Wall -g2 -gstabs -O0 -fpack-struct -fshort-enums -ffunction-sections -fdata-sections -std=gnu99 -funsigned-char -funsigned-bitfields -mmcu=atmega32 -DF_CPU=8000000UL -MMD -MP -MF"main.d" -MT"main.o" -c -o "main.o" "../main.c"
In file included from ../main.c:8:
c:/imt_sdk_win_64/winavr/lib/gcc/../../avr/include/util/delay.h:90:3: warning: #warning "Compiler optimizations disabled; functions from <util/delay.h> won't work as designed"
Finished building: ../main.c
 
Building target: 02-keypad.elf
Invoking: AVR C Linker
avr-gcc -Wl,-Map,02-keypad.map -mmcu=atmega32 -o "02-keypad.elf"  ./main.o   
Finished building target: 02-keypad.elf
 
Invoking: AVR Create Extended Listing
avr-objdump -h -S 02-keypad.elf  >"02-keypad.lss"
Finished building: 02-keypad.lss
 
Invoking: Print Size
avr-size --format=avr --mcu=atmega32 02-keypad.elf
AVR Memory Usage
----------------
Device: atmega32

Program:    4058 bytes (12.4% Full)
(.text + .data + .bootloader)

Data:          8 bytes (0.4% Full)
(.data + .bss + .noinit)


Finished building: sizedummy
 

21:35:21 Build Finished (took 2s.125ms)

