17:53:13 **** Incremental Build of configuration Release for project 05-Motors ****
make all 
Building file: ../APP/main.c
Invoking: AVR Compiler
avr-gcc -Wall -Os -fpack-struct -fshort-enums -ffunction-sections -fdata-sections -std=gnu99 -funsigned-char -funsigned-bitfields -mmcu=atmega32 -DF_CPU=8000000UL -MMD -MP -MF"APP/main.d" -MT"APP/main.o" -c -o "APP/main.o" "../APP/main.c"
Finished building: ../APP/main.c
 
Building target: 05-Motors.elf
Invoking: AVR C Linker
avr-gcc -Wl,-Map,05-Motors.map -mmcu=atmega32 -o "05-Motors.elf"  ./MCAL/DIO/DIO_prg.o  ./APP/main.o   
Finished building target: 05-Motors.elf
 
Invoking: AVR Create Extended Listing
avr-objdump -h -S 05-Motors.elf  >"05-Motors.lss"
Finished building: 05-Motors.lss
 
Create Flash image (ihex format)
avr-objcopy -R .eeprom -R .fuse -R .lock -R .signature -O ihex 05-Motors.elf  "05-Motors.hex"
Finished building: 05-Motors.hex
 
Create eeprom image (ihex format)
avr-objcopy -j .eeprom --no-change-warnings --change-section-lma .eeprom=0 -O ihex 05-Motors.elf  "05-Motors.eep"
Finished building: 05-Motors.eep
 
Invoking: Print Size
avr-size --format=avr --mcu=atmega32 05-Motors.elf
AVR Memory Usage
----------------
Device: atmega32

Program:     868 bytes (2.6% Full)
(.text + .data + .bootloader)

Data:          8 bytes (0.4% Full)
(.data + .bss + .noinit)


Finished building: sizedummy
 

17:53:23 Build Finished (took 9s.538ms)

