18:52:51 **** Incremental Build of configuration Debug for project 09-UART ****
make all 
Building file: ../MCAL/UART/UART_prg.c
Invoking: AVR Compiler
avr-gcc -Wall -g2 -gstabs -O0 -fpack-struct -fshort-enums -ffunction-sections -fdata-sections -std=gnu99 -funsigned-char -funsigned-bitfields -mmcu=atmega32 -DF_CPU=8000000UL -MMD -MP -MF"MCAL/UART/UART_prg.d" -MT"MCAL/UART/UART_prg.o" -c -o "MCAL/UART/UART_prg.o" "../MCAL/UART/UART_prg.c"
Finished building: ../MCAL/UART/UART_prg.c
 
Building target: 09-UART.elf
Invoking: AVR C Linker
avr-gcc -Wl,-Map,09-UART.map -mmcu=atmega32 -o "09-UART.elf"  ./MCAL/WDT/WDT_prg.o  ./MCAL/UART/UART_prg.o  ./MCAL/TIMERS/TIMERS_prg.o  ./MCAL/GIE/GIE_prg.o  ./MCAL/EXTI/EXTI_prg.o  ./MCAL/DIO/DIO_prg.o  ./MCAL/ADC/ADC_prg.o  ./HAL/LCD/LCD_prg.o  ./APP/main.o   
Finished building target: 09-UART.elf
 
Invoking: AVR Create Extended Listing
avr-objdump -h -S 09-UART.elf  >"09-UART.lss"
Finished building: 09-UART.lss
 
Invoking: Print Size
avr-size --format=avr --mcu=atmega32 09-UART.elf
AVR Memory Usage
----------------
Device: atmega32

Program:   10380 bytes (31.7% Full)
(.text + .data + .bootloader)

Data:         34 bytes (1.7% Full)
(.data + .bss + .noinit)


Finished building: sizedummy
 

18:52:52 Build Finished (took 1s.216ms)

