08:22:55 **** Incremental Build of configuration Release for project 10-SPI ****
make all 
Building file: ../MCAL/SPI/SPI_prg.c
Invoking: AVR Compiler
avr-gcc -Wall -Os -fpack-struct -fshort-enums -ffunction-sections -fdata-sections -std=gnu99 -funsigned-char -funsigned-bitfields -mmcu=atmega32 -DF_CPU=8000000UL -MMD -MP -MF"MCAL/SPI/SPI_prg.d" -MT"MCAL/SPI/SPI_prg.o" -c -o "MCAL/SPI/SPI_prg.o" "../MCAL/SPI/SPI_prg.c"
Finished building: ../MCAL/SPI/SPI_prg.c
 
Building file: ../APP/main.c
Invoking: AVR Compiler
avr-gcc -Wall -Os -fpack-struct -fshort-enums -ffunction-sections -fdata-sections -std=gnu99 -funsigned-char -funsigned-bitfields -mmcu=atmega32 -DF_CPU=8000000UL -MMD -MP -MF"APP/main.d" -MT"APP/main.o" -c -o "APP/main.o" "../APP/main.c"
Finished building: ../APP/main.c
 
Building target: 10-SPI.elf
Invoking: AVR C Linker
avr-gcc -Wl,-Map,10-SPI.map -mmcu=atmega32 -o "10-SPI.elf"  ./MCAL/WDT/WDT_prg.o  ./MCAL/UART/UART_prg.o  ./MCAL/TIMERS/TIMERS_prg.o  ./MCAL/SPI/SPI_prg.o  ./MCAL/GIE/GIE_prg.o  ./MCAL/EXTI/EXTI_prg.o  ./MCAL/DIO/DIO_prg.o  ./MCAL/ADC/ADC_prg.o  ./HAL/LCD/LCD_prg.o  ./APP/main.o   
Finished building target: 10-SPI.elf
 
Invoking: AVR Create Extended Listing
avr-objdump -h -S 10-SPI.elf  >"10-SPI.lss"
Finished building: 10-SPI.lss
 
Create Flash image (ihex format)
avr-objcopy -R .eeprom -R .fuse -R .lock -R .signature -O ihex 10-SPI.elf  "10-SPI.hex"
Finished building: 10-SPI.hex
 
Create eeprom image (ihex format)
avr-objcopy -j .eeprom --no-change-warnings --change-section-lma .eeprom=0 -O ihex 10-SPI.elf  "10-SPI.eep"
Finished building: 10-SPI.eep
 
Invoking: Print Size
avr-size --format=avr --mcu=atmega32 10-SPI.elf
AVR Memory Usage
----------------
Device: atmega32

Program:    2758 bytes (8.4% Full)
(.text + .data + .bootloader)

Data:         26 bytes (1.3% Full)
(.data + .bss + .noinit)


Finished building: sizedummy
 

08:23:07 Build Finished (took 11s.718ms)

