19:05:01 **** Incremental Build of configuration Release for project ADC ****
make all 
Building file: ../MCAL/GIE/GIE_prg.c
Invoking: AVR Compiler
avr-gcc -Wall -Os -fpack-struct -fshort-enums -ffunction-sections -fdata-sections -std=gnu99 -funsigned-char -funsigned-bitfields -mmcu=atmega32 -DF_CPU=8000000UL -MMD -MP -MF"MCAL/GIE/GIE_prg.d" -MT"MCAL/GIE/GIE_prg.o" -c -o "MCAL/GIE/GIE_prg.o" "../MCAL/GIE/GIE_prg.c"
Finished building: ../MCAL/GIE/GIE_prg.c
 
Building file: ../MCAL/EXTI/EXTI_prg.c
Invoking: AVR Compiler
avr-gcc -Wall -Os -fpack-struct -fshort-enums -ffunction-sections -fdata-sections -std=gnu99 -funsigned-char -funsigned-bitfields -mmcu=atmega32 -DF_CPU=8000000UL -MMD -MP -MF"MCAL/EXTI/EXTI_prg.d" -MT"MCAL/EXTI/EXTI_prg.o" -c -o "MCAL/EXTI/EXTI_prg.o" "../MCAL/EXTI/EXTI_prg.c"
Finished building: ../MCAL/EXTI/EXTI_prg.c
 
Building file: ../MCAL/DIO/DIO_prg.c
Invoking: AVR Compiler
avr-gcc -Wall -Os -fpack-struct -fshort-enums -ffunction-sections -fdata-sections -std=gnu99 -funsigned-char -funsigned-bitfields -mmcu=atmega32 -DF_CPU=8000000UL -MMD -MP -MF"MCAL/DIO/DIO_prg.d" -MT"MCAL/DIO/DIO_prg.o" -c -o "MCAL/DIO/DIO_prg.o" "../MCAL/DIO/DIO_prg.c"
Finished building: ../MCAL/DIO/DIO_prg.c
 
Building file: ../MCAL/ADC/ADC_prg.c
Invoking: AVR Compiler
avr-gcc -Wall -Os -fpack-struct -fshort-enums -ffunction-sections -fdata-sections -std=gnu99 -funsigned-char -funsigned-bitfields -mmcu=atmega32 -DF_CPU=8000000UL -MMD -MP -MF"MCAL/ADC/ADC_prg.d" -MT"MCAL/ADC/ADC_prg.o" -c -o "MCAL/ADC/ADC_prg.o" "../MCAL/ADC/ADC_prg.c"
Finished building: ../MCAL/ADC/ADC_prg.c
 
Building file: ../HAL/LCD/LCD_prg.c
Invoking: AVR Compiler
avr-gcc -Wall -Os -fpack-struct -fshort-enums -ffunction-sections -fdata-sections -std=gnu99 -funsigned-char -funsigned-bitfields -mmcu=atmega32 -DF_CPU=8000000UL -MMD -MP -MF"HAL/LCD/LCD_prg.d" -MT"HAL/LCD/LCD_prg.o" -c -o "HAL/LCD/LCD_prg.o" "../HAL/LCD/LCD_prg.c"
Finished building: ../HAL/LCD/LCD_prg.c
 
Building file: ../APP/main.c
Invoking: AVR Compiler
avr-gcc -Wall -Os -fpack-struct -fshort-enums -ffunction-sections -fdata-sections -std=gnu99 -funsigned-char -funsigned-bitfields -mmcu=atmega32 -DF_CPU=8000000UL -MMD -MP -MF"APP/main.d" -MT"APP/main.o" -c -o "APP/main.o" "../APP/main.c"
Finished building: ../APP/main.c
 
Building target: ADC.elf
Invoking: AVR C Linker
avr-gcc -Wl,-Map,ADC.map -mmcu=atmega32 -o "ADC.elf"  ./MCAL/GIE/GIE_prg.o  ./MCAL/EXTI/EXTI_prg.o  ./MCAL/DIO/DIO_prg.o  ./MCAL/ADC/ADC_prg.o  ./HAL/LCD/LCD_prg.o  ./APP/main.o   
Finished building target: ADC.elf
 
Invoking: AVR Create Extended Listing
avr-objdump -h -S ADC.elf  >"ADC.lss"
Finished building: ADC.lss
 
Create Flash image (ihex format)
avr-objcopy -R .eeprom -R .fuse -R .lock -R .signature -O ihex ADC.elf  "ADC.hex"
Finished building: ADC.hex
 
Create eeprom image (ihex format)
avr-objcopy -j .eeprom --no-change-warnings --change-section-lma .eeprom=0 -O ihex ADC.elf  "ADC.eep"
Finished building: ADC.eep
 
Invoking: Print Size
avr-size --format=avr --mcu=atmega32 ADC.elf
AVR Memory Usage
----------------
Device: atmega32

Program:    1670 bytes (5.1% Full)
(.text + .data + .bootloader)

Data:          0 bytes (0.0% Full)
(.data + .bss + .noinit)


Finished building: sizedummy
 

19:05:06 Build Finished (took 5s.41ms)

