21:59:11 **** Incremental Build of configuration Release for project Calculator ****
make all 
Building file: ../HAL/KPD_prg.c
Invoking: AVR Compiler
avr-gcc -Wall -Os -fpack-struct -fshort-enums -ffunction-sections -fdata-sections -std=gnu99 -funsigned-char -funsigned-bitfields -mmcu=atmega32 -DF_CPU=8000000UL -MMD -MP -MF"HAL/KPD_prg.d" -MT"HAL/KPD_prg.o" -c -o "HAL/KPD_prg.o" "../HAL/KPD_prg.c"
Finished building: ../HAL/KPD_prg.c
 
Building target: Calculator.elf
Invoking: AVR C Linker
avr-gcc -Wl,-Map,Calculator.map -mmcu=atmega32 -o "Calculator.elf"  ./MCAL/DIO_prg.o  ./HAL/KPD_prg.o ./HAL/LCD_prg.o ./HAL/SSD_prg.o  ./APP/main.o   
Finished building target: Calculator.elf
 
Invoking: AVR Create Extended Listing
avr-objdump -h -S Calculator.elf  >"Calculator.lss"
Finished building: Calculator.lss
 
Create Flash image (ihex format)
avr-objcopy -R .eeprom -R .fuse -R .lock -R .signature -O ihex Calculator.elf  "Calculator.hex"
Finished building: Calculator.hex
 
Create eeprom image (ihex format)
avr-objcopy -j .eeprom --no-change-warnings --change-section-lma .eeprom=0 -O ihex Calculator.elf  "Calculator.eep"
Finished building: Calculator.eep
 
Invoking: Print Size
avr-size --format=avr --mcu=atmega32 Calculator.elf
AVR Memory Usage
----------------
Device: atmega32

Program:    1172 bytes (3.6% Full)
(.text + .data + .bootloader)

Data:         26 bytes (1.3% Full)
(.data + .bss + .noinit)


Finished building: sizedummy
 

21:59:14 Build Finished (took 3s.69ms)

