18:47:26 **** Incremental Build of configuration Release for project FreeRTOS_Demo ****
make all 
Building file: ../main.c
Invoking: AVR Compiler
avr-gcc -Wall -Os -fpack-struct -fshort-enums -ffunction-sections -fdata-sections -std=gnu99 -funsigned-char -funsigned-bitfields -mmcu=atmega32 -DF_CPU=8000000UL -MMD -MP -MF"main.d" -MT"main.o" -c -o "main.o" "../main.c"
Finished building: ../main.c
 
Building target: FreeRTOS_Demo.elf
Invoking: AVR C Linker
avr-gcc -Wl,-Map,FreeRTOS_Demo.map -mmcu=atmega32 -o "FreeRTOS_Demo.elf"  ./MCAL/UART/UART_prg.o  ./MCAL/SPI/SPI_prg.o  ./MCAL/GIE/GIE_prg.o  ./MCAL/EXTI/EXTI_prg.o  ./MCAL/DIO/DIO_prg.o  ./MCAL/ADC/ADC_prg.o  ./croutine.o ./heap_1.o ./list.o ./main.o ./port.o ./queue.o ./tasks.o ./timers.o   
Finished building target: FreeRTOS_Demo.elf
 
Invoking: AVR Create Extended Listing
avr-objdump -h -S FreeRTOS_Demo.elf  >"FreeRTOS_Demo.lss"
Finished building: FreeRTOS_Demo.lss
 
Create Flash image (ihex format)
avr-objcopy -R .eeprom -R .fuse -R .lock -R .signature -O ihex FreeRTOS_Demo.elf  "FreeRTOS_Demo.hex"
Finished building: FreeRTOS_Demo.hex
 
Create eeprom image (ihex format)
avr-objcopy -j .eeprom --no-change-warnings --change-section-lma .eeprom=0 -O ihex FreeRTOS_Demo.elf  "FreeRTOS_Demo.eep"
Finished building: FreeRTOS_Demo.eep
 
Invoking: Print Size
avr-size --format=avr --mcu=atmega32 FreeRTOS_Demo.elf
AVR Memory Usage
----------------
Device: atmega32

Program:    7264 bytes (22.2% Full)
(.text + .data + .bootloader)

Data:       1164 bytes (56.8% Full)
(.data + .bss + .noinit)


Finished building: sizedummy
 

18:47:36 Build Finished (took 10s.676ms)

