18:33:57 **** Incremental Build of configuration Debug for project 04-LCD_driver ****
make all 
Building file: ../MCAL/DIO/DIO_prg.c
Invoking: AVR Compiler
avr-gcc -Wall -g2 -gstabs -O0 -fpack-struct -fshort-enums -ffunction-sections -fdata-sections -std=gnu99 -funsigned-char -funsigned-bitfields -mmcu=atmega32 -DF_CPU=8000000UL -MMD -MP -MF"MCAL/DIO/DIO_prg.d" -MT"MCAL/DIO/DIO_prg.o" -c -o "MCAL/DIO/DIO_prg.o" "../MCAL/DIO/DIO_prg.c"
Finished building: ../MCAL/DIO/DIO_prg.c
 
Building file: ../HAL/LCD/LCD_prg.c
Invoking: AVR Compiler
avr-gcc -Wall -g2 -gstabs -O0 -fpack-struct -fshort-enums -ffunction-sections -fdata-sections -std=gnu99 -funsigned-char -funsigned-bitfields -mmcu=atmega32 -DF_CPU=8000000UL -MMD -MP -MF"HAL/LCD/LCD_prg.d" -MT"HAL/LCD/LCD_prg.o" -c -o "HAL/LCD/LCD_prg.o" "../HAL/LCD/LCD_prg.c"
In file included from ../HAL/LCD/LCD_prg.c:8:
c:/imt_sdk_win_64/winavr/lib/gcc/../../avr/include/util/delay.h:90:3: warning: #warning "Compiler optimizations disabled; functions from <util/delay.h> won't work as designed"
Finished building: ../HAL/LCD/LCD_prg.c
 
Building file: ../APP/main.c
Invoking: AVR Compiler
avr-gcc -Wall -g2 -gstabs -O0 -fpack-struct -fshort-enums -ffunction-sections -fdata-sections -std=gnu99 -funsigned-char -funsigned-bitfields -mmcu=atmega32 -DF_CPU=8000000UL -MMD -MP -MF"APP/main.d" -MT"APP/main.o" -c -o "APP/main.o" "../APP/main.c"
../APP/main.c: In function 'main':
../APP/main.c:22: warning: implicit declaration of function 'HLCD_vSaveCustomChar'
Finished building: ../APP/main.c
../APP/main.c:26: warning: implicit declaration of function 'HLCD_vDisplayCustomChar'
 
Building target: 04-LCD_driver.elf
Invoking: AVR C Linker
avr-gcc -Wl,-Map,04-LCD_driver.map -mmcu=atmega32 -o "04-LCD_driver.elf"  ./MCAL/DIO/DIO_prg.o  ./HAL/LCD/LCD_prg.o  ./APP/main.o   
Finished building target: 04-LCD_driver.elf
 
Invoking: AVR Create Extended Listing
avr-objdump -h -S 04-LCD_driver.elf  >"04-LCD_driver.lss"
Finished building: 04-LCD_driver.lss
 
Invoking: Print Size
avr-size --format=avr --mcu=atmega32 04-LCD_driver.elf
AVR Memory Usage
----------------
Device: atmega32

Program:    7710 bytes (23.5% Full)
(.text + .data + .bootloader)

Data:         16 bytes (0.8% Full)
(.data + .bss + .noinit)


Finished building: sizedummy
 
