23:13:17 **** Build of configuration Debug for project Timer ****
make all 
Building file: ../MCAL/TIMERS/TIMERS_prg.c
Invoking: AVR Compiler
avr-gcc -Wall -g2 -gstabs -O0 -fpack-struct -fshort-enums -ffunction-sections -fdata-sections -std=gnu99 -funsigned-char -funsigned-bitfields -mmcu=atmega32 -DF_CPU=8000000UL -MMD -MP -MF"MCAL/TIMERS/TIMERS_prg.d" -MT"MCAL/TIMERS/TIMERS_prg.o" -c -o "MCAL/TIMERS/TIMERS_prg.o" "../MCAL/TIMERS/TIMERS_prg.c"
Finished building: ../MCAL/TIMERS/TIMERS_prg.c
 
Building file: ../MCAL/GIE/GIE_prg.c
Invoking: AVR Compiler
avr-gcc -Wall -g2 -gstabs -O0 -fpack-struct -fshort-enums -ffunction-sections -fdata-sections -std=gnu99 -funsigned-char -funsigned-bitfields -mmcu=atmega32 -DF_CPU=8000000UL -MMD -MP -MF"MCAL/GIE/GIE_prg.d" -MT"MCAL/GIE/GIE_prg.o" -c -o "MCAL/GIE/GIE_prg.o" "../MCAL/GIE/GIE_prg.c"
Finished building: ../MCAL/GIE/GIE_prg.c
 
Building file: ../MCAL/EXTI/EXTI_prg.c
Invoking: AVR Compiler
avr-gcc -Wall -g2 -gstabs -O0 -fpack-struct -fshort-enums -ffunction-sections -fdata-sections -std=gnu99 -funsigned-char -funsigned-bitfields -mmcu=atmega32 -DF_CPU=8000000UL -MMD -MP -MF"MCAL/EXTI/EXTI_prg.d" -MT"MCAL/EXTI/EXTI_prg.o" -c -o "MCAL/EXTI/EXTI_prg.o" "../MCAL/EXTI/EXTI_prg.c"
Finished building: ../MCAL/EXTI/EXTI_prg.c
 
Building file: ../MCAL/DIO/DIO_prg.c
Invoking: AVR Compiler
avr-gcc -Wall -g2 -gstabs -O0 -fpack-struct -fshort-enums -ffunction-sections -fdata-sections -std=gnu99 -funsigned-char -funsigned-bitfields -mmcu=atmega32 -DF_CPU=8000000UL -MMD -MP -MF"MCAL/DIO/DIO_prg.d" -MT"MCAL/DIO/DIO_prg.o" -c -o "MCAL/DIO/DIO_prg.o" "../MCAL/DIO/DIO_prg.c"
Finished building: ../MCAL/DIO/DIO_prg.c
 
Building file: ../MCAL/ADC/ADC_prg.c
Invoking: AVR Compiler
avr-gcc -Wall -g2 -gstabs -O0 -fpack-struct -fshort-enums -ffunction-sections -fdata-sections -std=gnu99 -funsigned-char -funsigned-bitfields -mmcu=atmega32 -DF_CPU=8000000UL -MMD -MP -MF"MCAL/ADC/ADC_prg.d" -MT"MCAL/ADC/ADC_prg.o" -c -o "MCAL/ADC/ADC_prg.o" "../MCAL/ADC/ADC_prg.c"
Finished building: ../MCAL/ADC/ADC_prg.c
 
Building file: ../HAL/LCD/LCD_prg.c
Invoking: AVR Compiler
avr-gcc -Wall -g2 -gstabs -O0 -fpack-struct -fshort-enums -ffunction-sections -fdata-sections -std=gnu99 -funsigned-char -funsigned-bitfields -mmcu=atmega32 -DF_CPU=8000000UL -MMD -MP -MF"HAL/LCD/LCD_prg.d" -MT"HAL/LCD/LCD_prg.o" -c -o "HAL/LCD/LCD_prg.o" "../HAL/LCD/LCD_prg.c"
In file included from ../HAL/LCD/LCD_prg.c:8:
c:/imt_sdk_win_64/winavr/lib/gcc/../../avr/include/util/delay.h:90:3: warning: #warning "Compiler optimizations disabled; functions from <util/delay.h> won't work as designed"
Finished building: ../HAL/LCD/LCD_prg.c
 
Building file: ../APP/main.c
Invoking: AVR Compiler
avr-gcc -Wall -g2 -gstabs -O0 -fpack-struct -fshort-enums -ffunction-sections -fdata-sections -std=gnu99 -funsigned-char -funsigned-bitfields -mmcu=atmega32 -DF_CPU=8000000UL -MMD -MP -MF"APP/main.d" -MT"APP/main.o" -c -o "APP/main.o" "../APP/main.c"
Finished building: ../APP/main.c
 
Building target: Timer.elf
Invoking: AVR C Linker
avr-gcc -Wl,-Map,Timer.map -mmcu=atmega32 -o "Timer.elf"  ./MCAL/TIMERS/TIMERS_prg.o  ./MCAL/GIE/GIE_prg.o  ./MCAL/EXTI/EXTI_prg.o  ./MCAL/DIO/DIO_prg.o  ./MCAL/ADC/ADC_prg.o  ./HAL/LCD/LCD_prg.o  ./APP/main.o   
Finished building target: Timer.elf
 
Invoking: AVR Create Extended Listing
avr-objdump -h -S Timer.elf  >"Timer.lss"
Finished building: Timer.lss
 
Invoking: Print Size
avr-size --format=avr --mcu=atmega32 Timer.elf
AVR Memory Usage
----------------
Device: atmega32

Program:    8766 bytes (26.8% Full)
(.text + .data + .bootloader)

Data:         16 bytes (0.8% Full)
(.data + .bss + .noinit)


Finished building: sizedummy
 

23:13:27 Build Finished (took 10s.292ms)

